action: py38, msg: getenv
cwd: /mnt/e/venvs/dvc/simple_app/wineqve
cmd: /mnt/e/venvs/dvc/simple_app/wineqve/.tox/py38/bin/python -m pip install -rrequirements.txt
Collecting dvc
  Using cached dvc-2.8.3-py3-none-any.whl (399 kB)
Processing /home/sl202194/.cache/pip/wheels/22/0b/40/fd3f795caaa1fb4c6cb738bc1f56100be1e57da95849bfc897/sklearn-0.0-py2.py3-none-any.whl
Collecting pandas
  Using cached pandas-1.3.4-cp38-cp38-manylinux_2_17_x86_64.manylinux2014_x86_64.whl (11.5 MB)
Collecting pytest
  Using cached pytest-6.2.5-py3-none-any.whl (280 kB)
Collecting tox
  Using cached tox-3.24.4-py2.py3-none-any.whl (85 kB)
Collecting networkx>=2.5
  Using cached networkx-2.6.3-py3-none-any.whl (1.9 MB)
Processing /home/sl202194/.cache/pip/wheels/59/72/23/ea2daa0727a9f7824c0656b73c1f3d8d13f5327729eadb7084/nanotime-0.5.2-py3-none-any.whl
Collecting ply>=3.9
  Using cached ply-3.11-py2.py3-none-any.whl (49 kB)
Collecting python-benedict>=0.24.2
  Using cached python_benedict-0.24.3-py3-none-any.whl (41 kB)
Collecting requests>=2.22.0
  Using cached requests-2.26.0-py2.py3-none-any.whl (62 kB)
Collecting distro>=1.3.0
  Using cached distro-1.6.0-py2.py3-none-any.whl (19 kB)
Collecting flatten-dict<1,>=0.4.1
  Using cached flatten_dict-0.4.2-py2.py3-none-any.whl (9.7 kB)
Collecting configobj>=5.0.6
  Using cached configobj-5.0.6.tar.gz (33 kB)
Processing /home/sl202194/.cache/pip/wheels/63/c0/d7/d09babb5ec150707e09d6cabd2850c2ab322b3fb37b3081511/voluptuous-0.12.2-py3-none-any.whl
Collecting gitpython>3
  Using cached GitPython-3.1.24-py3-none-any.whl (180 kB)
Collecting rich>=10.13.0
  Downloading rich-10.14.0-py3-none-any.whl (213 kB)
Collecting funcy>=1.14
  Using cached funcy-1.16-py2.py3-none-any.whl (32 kB)
Collecting fsspec[http]>=2021.10.1
  Using cached fsspec-2021.11.0-py3-none-any.whl (132 kB)
Collecting tabulate>=0.8.7
  Using cached tabulate-0.8.9-py3-none-any.whl (25 kB)
Collecting diskcache>=5.2.1
  Using cached diskcache-5.2.1-py3-none-any.whl (44 kB)
Collecting pydot>=1.2.4
  Using cached pydot-1.4.2-py2.py3-none-any.whl (21 kB)
Collecting dulwich>=0.20.23
  Using cached dulwich-0.20.26-cp38-cp38-manylinux_2_5_x86_64.manylinux1_x86_64.manylinux_2_12_x86_64.manylinux2010_x86_64.whl (547 kB)
Collecting importlib-resources>=5.2.2; python_version < "3.9"
  Using cached importlib_resources-5.4.0-py3-none-any.whl (28 kB)
Collecting pathspec<0.10.0,>=0.9.0
  Using cached pathspec-0.9.0-py2.py3-none-any.whl (31 kB)
Collecting packaging>=19.0
  Using cached packaging-21.2-py3-none-any.whl (40 kB)
Collecting tqdm<5,>=4.45.0
  Using cached tqdm-4.62.3-py2.py3-none-any.whl (76 kB)
Collecting aiohttp-retry>=2.4.5
  Using cached aiohttp_retry-2.4.6-py3-none-any.whl (7.7 kB)
Collecting ruamel.yaml>=0.17.11
  Using cached ruamel.yaml-0.17.17-py3-none-any.whl (109 kB)
Collecting psutil>=5.8.0
  Using cached psutil-5.8.0-cp38-cp38-manylinux2010_x86_64.whl (296 kB)
Collecting colorama>=0.3.9
  Using cached colorama-0.4.4-py2.py3-none-any.whl (16 kB)
Processing /home/sl202194/.cache/pip/wheels/54/48/48/5caf7b125cc0213ff5336ab5bb0672deebb1326ff2e5ca2e24/flufl.lock-6.0-py3-none-any.whl
Collecting shtab<2,>=1.3.4
  Downloading shtab-1.5.0-py2.py3-none-any.whl (14 kB)
Collecting typing-extensions>=3.7.4
  Downloading typing_extensions-4.0.0-py3-none-any.whl (22 kB)
Collecting pyparsing>=2.4.7
  Using cached pyparsing-3.0.6-py3-none-any.whl (97 kB)
Collecting shortuuid>=0.5.0
  Using cached shortuuid-1.0.8-py3-none-any.whl (9.5 kB)
Collecting pygit2>=1.5.0
  Using cached pygit2-1.7.0-cp38-cp38-manylinux_2_17_x86_64.manylinux2014_x86_64.whl (4.6 MB)
Collecting dpath<3,>=2.0.2
  Using cached dpath-2.0.5-py3-none-any.whl (15 kB)
Collecting zc.lockfile>=1.2.1
  Using cached zc.lockfile-2.0-py2.py3-none-any.whl (9.7 kB)
Processing /home/sl202194/.cache/pip/wheels/31/03/7b/f685b394a937bc97d2d40908d45aa31f3d9473bca6e9019153/pygtrie-2.4.2-py3-none-any.whl
Collecting pyasn1>=0.4.1
  Using cached pyasn1-0.4.8-py2.py3-none-any.whl (77 kB)
Collecting appdirs>=1.4.3
  Using cached appdirs-1.4.4-py2.py3-none-any.whl (9.6 kB)
Collecting dictdiffer>=0.8.1
  Using cached dictdiffer-0.9.0-py2.py3-none-any.whl (16 kB)
Collecting grandalf==0.6
  Using cached grandalf-0.6-py3-none-any.whl (31 kB)
Collecting toml>=0.10.1
  Using cached toml-0.10.2-py2.py3-none-any.whl (16 kB)
Collecting scikit-learn
  Using cached scikit_learn-1.0.1-cp38-cp38-manylinux_2_12_x86_64.manylinux2010_x86_64.whl (25.9 MB)
Collecting pytz>=2017.3
  Using cached pytz-2021.3-py2.py3-none-any.whl (503 kB)
Collecting python-dateutil>=2.7.3
  Using cached python_dateutil-2.8.2-py2.py3-none-any.whl (247 kB)
Collecting numpy>=1.17.3; platform_machine != "aarch64" and platform_machine != "arm64" and python_version < "3.10"
  Using cached numpy-1.21.4-cp38-cp38-manylinux_2_12_x86_64.manylinux2010_x86_64.whl (15.7 MB)
Collecting iniconfig
  Using cached iniconfig-1.1.1-py2.py3-none-any.whl (5.0 kB)
Collecting py>=1.8.2
  Using cached py-1.11.0-py2.py3-none-any.whl (98 kB)
Collecting attrs>=19.2.0
  Using cached attrs-21.2.0-py2.py3-none-any.whl (53 kB)
Collecting pluggy<2.0,>=0.12
  Using cached pluggy-1.0.0-py2.py3-none-any.whl (13 kB)
Collecting six>=1.14.0
  Using cached six-1.16.0-py2.py3-none-any.whl (11 kB)
Collecting filelock>=3.0.0
  Downloading filelock-3.4.0-py3-none-any.whl (9.8 kB)
Collecting virtualenv!=20.0.0,!=20.0.1,!=20.0.2,!=20.0.3,!=20.0.4,!=20.0.5,!=20.0.6,!=20.0.7,>=16.0.0
  Downloading virtualenv-20.10.0-py2.py3-none-any.whl (5.6 MB)
Collecting pyyaml
  Using cached PyYAML-6.0-cp38-cp38-manylinux_2_5_x86_64.manylinux1_x86_64.manylinux_2_12_x86_64.manylinux2010_x86_64.whl (701 kB)
Processing /home/sl202194/.cache/pip/wheels/7f/40/63/4bf603cec3ecc4a26985405834cb47eb8368bfa59e15dde046/ftfy-6.0.3-py3-none-any.whl
Collecting xmltodict
  Using cached xmltodict-0.12.0-py2.py3-none-any.whl (9.2 kB)
Collecting python-slugify
  Using cached python_slugify-5.0.2-py2.py3-none-any.whl (6.7 kB)
Collecting phonenumbers
  Using cached phonenumbers-8.12.37-py2.py3-none-any.whl (2.6 MB)
Processing /home/sl202194/.cache/pip/wheels/e7/f7/b4/7b0d2bb03022f13488c6d975ce07d95eac0c81d2426162ba7a/mailchecker-4.0.16-py3-none-any.whl
Collecting python-fsutil
  Using cached python_fsutil-0.5.0-py3-none-any.whl (11 kB)
Collecting idna<4,>=2.5; python_version >= "3"
  Using cached idna-3.3-py3-none-any.whl (61 kB)
Collecting certifi>=2017.4.17
  Using cached certifi-2021.10.8-py2.py3-none-any.whl (149 kB)
Collecting charset-normalizer~=2.0.0; python_version >= "3"
  Using cached charset_normalizer-2.0.7-py3-none-any.whl (38 kB)
Collecting urllib3<1.27,>=1.21.1
  Using cached urllib3-1.26.7-py2.py3-none-any.whl (138 kB)
Collecting gitdb<5,>=4.0.1
  Using cached gitdb-4.0.9-py3-none-any.whl (63 kB)
Collecting commonmark<0.10.0,>=0.9.0
  Using cached commonmark-0.9.1-py2.py3-none-any.whl (51 kB)
Collecting pygments<3.0.0,>=2.6.0
  Using cached Pygments-2.10.0-py3-none-any.whl (1.0 MB)
Collecting aiohttp; extra == "http"
  Downloading aiohttp-3.8.1-cp38-cp38-manylinux_2_5_x86_64.manylinux1_x86_64.manylinux_2_12_x86_64.manylinux2010_x86_64.whl (1.3 MB)
Collecting zipp>=3.1.0; python_version < "3.10"
  Using cached zipp-3.6.0-py3-none-any.whl (5.3 kB)
Collecting ruamel.yaml.clib>=0.1.2; platform_python_implementation == "CPython" and python_version < "3.10"
  Using cached ruamel.yaml.clib-0.2.6-cp38-cp38-manylinux1_x86_64.whl (570 kB)
Processing /home/sl202194/.cache/pip/wheels/f3/a4/10/e7e5bb869828997204dc4a7ce0760132c7d6d5ae47a5e58b90/atpublic-2.3-py3-none-any.whl
Collecting cffi>=1.4.0
  Using cached cffi-1.15.0-cp38-cp38-manylinux_2_12_x86_64.manylinux2010_x86_64.whl (446 kB)
Requirement already satisfied: setuptools in ./.tox/py38/lib/python3.8/site-packages (from zc.lockfile>=1.2.1->dvc->-r requirements.txt (line 1)) (44.0.0)
Processing /home/sl202194/.cache/pip/wheels/8e/70/28/3d6ccd6e315f65f245da085482a2e1c7d14b90b30f239e2cf4/future-0.18.2-py3-none-any.whl
Collecting joblib>=0.11
  Using cached joblib-1.1.0-py2.py3-none-any.whl (306 kB)
Collecting scipy>=1.1.0
  Using cached scipy-1.7.2-cp38-cp38-manylinux_2_17_x86_64.manylinux2014_x86_64.whl (39.3 MB)
Collecting threadpoolctl>=2.0.0
  Using cached threadpoolctl-3.0.0-py3-none-any.whl (14 kB)
Collecting platformdirs<3,>=2
  Downloading platformdirs-2.4.0-py3-none-any.whl (14 kB)
Collecting distlib<1,>=0.3.1
  Downloading distlib-0.3.3-py2.py3-none-any.whl (496 kB)
Collecting backports.entry-points-selectable>=1.0.4
  Downloading backports.entry_points_selectable-1.1.1-py2.py3-none-any.whl (6.2 kB)
Collecting wcwidth
  Using cached wcwidth-0.2.5-py2.py3-none-any.whl (30 kB)
Collecting text-unidecode>=1.3
  Using cached text_unidecode-1.3-py2.py3-none-any.whl (78 kB)
Collecting smmap<6,>=3.0.1
  Using cached smmap-5.0.0-py3-none-any.whl (24 kB)
Collecting async-timeout<5.0,>=4.0.0a3
  Using cached async_timeout-4.0.1-py3-none-any.whl (5.7 kB)
Collecting frozenlist>=1.1.1
  Using cached frozenlist-1.2.0-cp38-cp38-manylinux_2_5_x86_64.manylinux1_x86_64.manylinux_2_12_x86_64.manylinux2010_x86_64.whl (210 kB)
Collecting aiosignal>=1.1.2
  Using cached aiosignal-1.2.0-py3-none-any.whl (8.2 kB)
Collecting multidict<7.0,>=4.5
  Using cached multidict-5.2.0-cp38-cp38-manylinux_2_5_x86_64.manylinux1_x86_64.manylinux_2_12_x86_64.manylinux2010_x86_64.whl (187 kB)
Collecting yarl<2.0,>=1.0
  Using cached yarl-1.7.2-cp38-cp38-manylinux_2_5_x86_64.manylinux1_x86_64.manylinux_2_12_x86_64.manylinux2010_x86_64.whl (308 kB)
Collecting pycparser
  Using cached pycparser-2.21-py2.py3-none-any.whl (118 kB)
Building wheels for collected packages: configobj
  Building wheel for configobj (setup.py): started
  Building wheel for configobj (setup.py): finished with status 'done'
  Created wheel for configobj: filename=configobj-5.0.6-py3-none-any.whl size=34546 sha256=8e1746a7e09b6d3e91562dcf61f6b7784ecf8e40fa6a0f72824afcba9277ec0a
  Stored in directory: /home/sl202194/.cache/pip/wheels/34/2a/24/a490264ae9041fd48f778ff393526572c80bb498ddecb07ea5
Successfully built configobj
ERROR: packaging 21.2 has requirement pyparsing<3,>=2.0.2, but you'll have pyparsing 3.0.6 which is incompatible.
Installing collected packages: networkx, nanotime, ply, pyyaml, idna, certifi, charset-normalizer, urllib3, requests, wcwidth, ftfy, six, python-dateutil, xmltodict, toml, text-unidecode, python-slugify, phonenumbers, mailchecker, python-fsutil, python-benedict, distro, flatten-dict, configobj, voluptuous, smmap, gitdb, typing-extensions, gitpython, colorama, commonmark, pygments, rich, funcy, attrs, async-timeout, frozenlist, aiosignal, multidict, yarl, aiohttp, fsspec, tabulate, diskcache, pyparsing, pydot, dulwich, zipp, importlib-resources, pathspec, packaging, tqdm, aiohttp-retry, ruamel.yaml.clib, ruamel.yaml, psutil, atpublic, flufl.lock, shtab, shortuuid, pycparser, cffi, pygit2, dpath, zc.lockfile, pygtrie, pyasn1, appdirs, dictdiffer, future, grandalf, dvc, numpy, joblib, scipy, threadpoolctl, scikit-learn, sklearn, pytz, pandas, iniconfig, py, pluggy, pytest, filelock, platformdirs, distlib, backports.entry-points-selectable, virtualenv, tox
Successfully installed aiohttp-3.8.1 aiohttp-retry-2.4.6 aiosignal-1.2.0 appdirs-1.4.4 async-timeout-4.0.1 atpublic-2.3 attrs-21.2.0 backports.entry-points-selectable-1.1.1 certifi-2021.10.8 cffi-1.15.0 charset-normalizer-2.0.7 colorama-0.4.4 commonmark-0.9.1 configobj-5.0.6 dictdiffer-0.9.0 diskcache-5.2.1 distlib-0.3.3 distro-1.6.0 dpath-2.0.5 dulwich-0.20.26 dvc-2.8.3 filelock-3.4.0 flatten-dict-0.4.2 flufl.lock-6.0 frozenlist-1.2.0 fsspec-2021.11.0 ftfy-6.0.3 funcy-1.16 future-0.18.2 gitdb-4.0.9 gitpython-3.1.24 grandalf-0.6 idna-3.3 importlib-resources-5.4.0 iniconfig-1.1.1 joblib-1.1.0 mailchecker-4.0.16 multidict-5.2.0 nanotime-0.5.2 networkx-2.6.3 numpy-1.21.4 packaging-21.2 pandas-1.3.4 pathspec-0.9.0 phonenumbers-8.12.37 platformdirs-2.4.0 pluggy-1.0.0 ply-3.11 psutil-5.8.0 py-1.11.0 pyasn1-0.4.8 pycparser-2.21 pydot-1.4.2 pygit2-1.7.0 pygments-2.10.0 pygtrie-2.4.2 pyparsing-3.0.6 pytest-6.2.5 python-benedict-0.24.3 python-dateutil-2.8.2 python-fsutil-0.5.0 python-slugify-5.0.2 pytz-2021.3 pyyaml-6.0 requests-2.26.0 rich-10.14.0 ruamel.yaml-0.17.17 ruamel.yaml.clib-0.2.6 scikit-learn-1.0.1 scipy-1.7.2 shortuuid-1.0.8 shtab-1.5.0 six-1.16.0 sklearn-0.0 smmap-5.0.0 tabulate-0.8.9 text-unidecode-1.3 threadpoolctl-3.0.0 toml-0.10.2 tox-3.24.4 tqdm-4.62.3 typing-extensions-4.0.0 urllib3-1.26.7 virtualenv-20.10.0 voluptuous-0.12.2 wcwidth-0.2.5 xmltodict-0.12.0 yarl-1.7.2 zc.lockfile-2.0 zipp-3.6.0
