action: py38, msg: envreport
cwd: /mnt/e/venvs/dvc/simple_app/wineqve
cmd: /mnt/e/venvs/dvc/simple_app/wineqve/.tox/py38/bin/python -m pip freeze
aiohttp==3.8.1
aiohttp-retry==2.4.6
aiosignal==1.2.0
appdirs==1.4.4
async-timeout==4.0.1
atpublic==2.3
attrs==21.2.0
backports.entry-points-selectable==1.1.1
certifi==2021.10.8
cffi==1.15.0
charset-normalizer==2.0.7
colorama==0.4.4
commonmark==0.9.1
configobj==5.0.6
dictdiffer==0.9.0
diskcache==5.2.1
distlib==0.3.3
distro==1.6.0
dpath==2.0.5
dulwich==0.20.26
dvc==2.8.3
filelock==3.4.0
flatten-dict==0.4.2
flufl.lock==6.0
frozenlist==1.2.0
fsspec==2021.11.0
ftfy==6.0.3
funcy==1.16
future==0.18.2
gitdb==4.0.9
GitPython==3.1.24
grandalf==0.6
idna==3.3
importlib-resources==5.4.0
iniconfig==1.1.1
joblib==1.1.0
mailchecker==4.0.16
multidict==5.2.0
nanotime==0.5.2
networkx==2.6.3
numpy==1.21.4
packaging==21.2
pandas==1.3.4
pathspec==0.9.0
phonenumbers==8.12.37
platformdirs==2.4.0
pluggy==1.0.0
ply==3.11
psutil==5.8.0
py==1.11.0
pyasn1==0.4.8
pycparser==2.21
pydot==1.4.2
pygit2==1.7.0
Pygments==2.10.0
pygtrie==2.4.2
pyparsing==3.0.6
pytest==6.2.5
python-benedict==0.24.3
python-dateutil==2.8.2
python-fsutil==0.5.0
python-slugify==5.0.2
pytz==2021.3
PyYAML==6.0
requests==2.26.0
rich==10.14.0
ruamel.yaml==0.17.17
ruamel.yaml.clib==0.2.6
scikit-learn==1.0.1
scipy==1.7.2
shortuuid==1.0.8
shtab==1.5.0
six==1.16.0
sklearn==0.0
smmap==5.0.0
src==0.0.1
tabulate==0.8.9
text-unidecode==1.3
threadpoolctl==3.0.0
toml==0.10.2
tox==3.24.4
tqdm==4.62.3
typing-extensions==4.0.0
urllib3==1.26.7
virtualenv==20.10.0
voluptuous==0.12.2
wcwidth==0.2.5
xmltodict==0.12.0
yarl==1.7.2
zc.lockfile==2.0
zipp==3.6.0
